KETOS training
WARNING:root:scikit-learn version 1.0.2 is not supported. Minimum required version: 0.17. Maximum required version: 0.19.2. Disabling scikit-learn conversion API.
WARNING:root:Torch version 1.10.0+cu102 has not been tested with coremltools. You may run into unexpected errors. Torch 1.9.1 is the most recent version that has been tested.
Building training set
[358.9013] No boundary given for line 
[396.1176] Text line " " is empty after transformations 
[823.3246] Text line " " is empty after transformations 
[823.3248] Text line " " is empty after transformations 
[823.3249] Text line " " is empty after transformations 
[823.4493] Text line " " is empty after transformations 
[823.4494] Text line " " is empty after transformations 
[824.5273] Text line " " is empty after transformations 
[824.5275] Text line " " is empty after transformations 
[824.6317] Text line " " is empty after transformations 
[824.6320] Text line " " is empty after transformations 
[824.6321] Text line " " is empty after transformations 
[825.8464] Text line " " is empty after transformations 
[825.8466] Text line " " is empty after transformations 
[825.9340] Text line " " is empty after transformations 
[825.9343] Text line " " is empty after transformations 
[825.9344] Text line " " is empty after transformations 
[827.0395] Text line " " is empty after transformations 
[827.0396] Text line " " is empty after transformations 
[827.1372] Text line " " is empty after transformations 
[827.1373] Text line " " is empty after transformations 
[827.1373] Text line " " is empty after transformations 
[828.1911] Text line " " is empty after transformations 
[828.1912] Text line " " is empty after transformations 
[828.2973] Text line " " is empty after transformations 
[828.2974] Text line " " is empty after transformations 
[828.2975] Text line " " is empty after transformations 
[829.3272] Text line " " is empty after transformations 
[829.3273] Text line " " is empty after transformations 
[829.3274] Text line " " is empty after transformations 
[829.4443] Text line " " is empty after transformations 
[829.4444] Text line " " is empty after transformations 
[830.4922] Text line " " is empty after transformations 
[830.4924] Text line " " is empty after transformations 
[830.5817] Text line " " is empty after transformations 
[830.5820] Text line " " is empty after transformations 
[830.5821] Text line " " is empty after transformations 
[831.6410] Text line " " is empty after transformations 
[831.6412] Text line " " is empty after transformations 
[831.7483] Text line " " is empty after transformations 
[831.7484] Text line " " is empty after transformations 
[831.7485] Text line " " is empty after transformations 
[832.7108] Text line " " is empty after transformations 
[832.7110] Text line " " is empty after transformations 
[832.7110] Text line " " is empty after transformations 
Building validation set
[1558.9373] alphabet mismatch: chars in training set only: {'ε', 'τ', 'Κ', '͂', 'ω', 'Η', 'Υ', 'J', 'η', 'κ', 'ο', '̔', 'υ', 'ι', 'σ', '◌', 'π', '῀', 'ζ', 'λ', 'Δ', 'w', 'χ', '⸤', 'μ', 'ς', 'γ', 'Τ', 'Ꝝ', 'Λ', 'ν', 'W', '*', 'α', '̓', 'Φ', '?', '<', 'θ', 'ρ'} (not included in accuracy test during training) 
[1558.9375] alphabet mismatch: chars in validation set only: {'ↄ', 'Y', 'ꝙ'} (not trained) 
Initializing model ✓
stage 1/∞
Accuracy report (1) 0.0000 7544 7544
stage 2/∞
Accuracy report (2) 0.0000 7544 7544
stage 3/∞
Accuracy report (3) 0.0000 7544 7544
stage 4/∞
Accuracy report (4) 0.0000 7544 7544
stage 5/∞
Accuracy report (5) 0.0000 7544 7544
stage 6/∞
Accuracy report (6) 0.1229 7544 6617
stage 7/∞
Accuracy report (7) 0.1360 7544 6518
stage 8/∞
Accuracy report (8) 0.1954 7544 6070
stage 9/∞
Accuracy report (9) 0.3893 7544 4607
stage 10/∞
Accuracy report (10) 0.6137 7544 2914
stage 11/∞
Accuracy report (11) 0.7236 7544 2085
stage 12/∞
Accuracy report (12) 0.7792 7544 1666
stage 13/∞
Accuracy report (13) 0.8061 7544 1463
stage 14/∞
Accuracy report (14) 0.8319 7544 1268
stage 15/∞
Accuracy report (15) 0.8489 7544 1140
stage 16/∞
Accuracy report (16) 0.8572 7544 1077
stage 17/∞
Accuracy report (17) 0.8652 7544 1017
stage 18/∞
Accuracy report (18) 0.8706 7544 976
stage 19/∞
Accuracy report (19) 0.8705 7544 977
stage 20/∞
Accuracy report (20) 0.8808 7544 899
stage 21/∞
Accuracy report (21) 0.8616 7544 1044
stage 22/∞
Accuracy report (22) 0.8834 7544 880
stage 23/∞
Accuracy report (23) 0.8875 7544 849
stage 24/∞
Accuracy report (24) 0.8871 7544 852
stage 25/∞
Accuracy report (25) 0.8792 7544 911
stage 26/∞
Accuracy report (26) 0.8811 7544 897
stage 27/∞
Accuracy report (27) 0.8928 7544 809
stage 28/∞
Accuracy report (28) 0.8934 7544 804
stage 29/∞
Accuracy report (29) 0.8914 7544 819
stage 30/∞
Accuracy report (30) 0.8942 7544 798
stage 31/∞
Accuracy report (31) 0.8965 7544 781
stage 32/∞
Accuracy report (32) 0.8963 7544 782
stage 33/∞
Accuracy report (33) 0.8950 7544 792
stage 34/∞
Accuracy report (34) 0.8945 7544 796
stage 35/∞
Accuracy report (35) 0.8945 7544 796
stage 36/∞
Accuracy report (36) 0.8977 7544 772
stage 37/∞
Accuracy report (37) 0.8975 7544 773
stage 38/∞
Accuracy report (38) 0.8999 7544 755
stage 39/∞
Accuracy report (39) 0.9003 7544 752
stage 40/∞
Accuracy report (40) 0.8997 7544 757
stage 41/∞
Accuracy report (41) 0.8945 7544 796
stage 42/∞
Accuracy report (42) 0.8979 7544 770
stage 43/∞
Accuracy report (43) 0.9023 7544 737
stage 44/∞
Accuracy report (44) 0.9007 7544 749
stage 45/∞
Accuracy report (45) 0.9008 7544 748
stage 46/∞
Accuracy report (46) 0.8989 7544 763
stage 47/∞
Accuracy report (47) 0.8994 7544 759
stage 48/∞
Accuracy report (48) 0.9031 7544 731
stage 49/∞
Accuracy report (49) 0.9022 7544 738
stage 50/∞
Accuracy report (50) 0.9027 7544 734
stage 51/∞
Accuracy report (51) 0.8990 7544 762
stage 52/∞
Accuracy report (52) 0.8993 7544 760
stage 53/∞
Accuracy report (53) 0.8999 7544 755
stage 54/∞
Accuracy report (54) 0.9031 7544 731
stage 55/∞
Accuracy report (55) 0.9012 7544 745
stage 56/∞
Accuracy report (56) 0.9010 7544 747
stage 57/∞
Accuracy report (57) 0.8994 7544 759
stage 58/∞
Accuracy report (58) 0.9010 7544 747
Moving best model model_38.mlmodel (0.8999204635620117) to model_best.mlmodel
